{"level":"warn","message":"Hello distributed log files!","timestamp":"2018-05-29T10:34:31.653Z"}
{"level":"info","message":"Fetched All Users","timestamp":"2018-05-29T10:34:31.681Z"}
{"level":"warn","message":"Hello distributed log files!","timestamp":"2018-05-29T10:34:47.487Z"}
{"level":"warn","message":"Hello distributed log files!","timestamp":"2018-05-29T10:34:47.512Z"}
{"level":"info","message":"User added successfully","timestamp":"2018-05-29T10:34:47.573Z"}
{"level":"warn","message":"Hello distributed log files!","timestamp":"2018-05-29T10:34:47.594Z"}
{"level":"info","message":"Fetched All Users","timestamp":"2018-05-29T10:34:47.600Z"}
{"level":"warn","message":"Hello distributed log files!","timestamp":"2018-05-29T10:40:26.463Z"}
{"level":"info","message":"Fetched All Users","timestamp":"2018-05-29T10:40:26.489Z"}
{"level":"warn","message":"Hello distributed log files!","timestamp":"2018-05-29T10:41:58.109Z"}
{"level":"info","message":"Fetched All Users","timestamp":"2018-05-29T10:41:58.135Z"}
{"level":"warn","message":"Hello distributed log files!","timestamp":"2018-05-29T10:41:58.170Z"}
{"level":"warn","message":"Hello distributed log files!","timestamp":"2018-05-29T10:49:51.999Z"}
{"level":"info","message":"Fetched All Users","timestamp":"2018-05-29T10:49:52.029Z"}
{"level":"warn","message":"Hello distributed log files!","timestamp":"2018-05-29T10:49:58.362Z"}
{"level":"info","message":"Fetched All Users","timestamp":"2018-05-29T10:49:58.365Z"}
{"level":"warn","message":"Hello distributed log files!","timestamp":"2018-05-29T12:12:15.416Z"}
{"level":"warn","message":"Hello distributed log files!","timestamp":"2018-05-29T12:12:15.468Z"}
{"level":"warn","message":"Hello distributed log files!","timestamp":"2018-05-29T12:12:19.969Z"}
{"level":"info","message":"get users model","timestamp":"2018-05-29T12:12:19.970Z"}
[]
{"level":"info","message":"Fetched All Users","timestamp":"2018-05-29T12:12:19.984Z"}
{"level":"warn","message":"Hello distributed log files!","timestamp":"2018-05-29T12:13:20.012Z"}
{"level":"info","message":"get users model","timestamp":"2018-05-29T12:13:20.012Z"}
[]
{"level":"info","message":"Fetched All Users","timestamp":"2018-05-29T12:13:20.015Z"}
{"level":"warn","message":"Hello distributed log files!","timestamp":"2018-05-29T12:13:30.247Z"}
{"level":"info","message":"User added successfully","timestamp":"2018-05-29T12:13:30.413Z"}
{"level":"warn","message":"Hello distributed log files!","timestamp":"2018-05-29T12:14:30.012Z"}
{"level":"info","message":"User added successfully","timestamp":"2018-05-29T12:14:30.020Z"}
{"level":"warn","message":"Hello distributed log files!","timestamp":"2018-05-29T12:14:50.152Z"}
{"level":"info","message":"get users model","timestamp":"2018-05-29T12:14:50.153Z"}
[{"$__":{"strictMode":true,"selected":{},"getters":{},"_id":{"_bsontype":"ObjectID","id":{"0":91,"1":13,"2":67,"3":234,"4":225,"5":7,"6":120,"7":92,"8":172,"9":132,"10":169,"11":208}},"wasPopulated":false,"activePaths":{"paths":{"_id":"init","__v":"init"},"states":{"ignore":{},"default":{},"init":{"_id":true,"__v":true},"modify":{},"require":{}},"stateNames":["require","modify","init","default","ignore"]},"pathsToScopes":{},"emitter":{"domain":null,"_events":{},"_eventsCount":0,"_maxListeners":0},"$options":true},"isNew":false,"_doc":{"_id":{"$ref":"$[0][\"$__\"][\"_id\"]"},"__v":0},"$init":true},{"$__":{"strictMode":true,"selected":{"$ref":"$[0][\"$__\"][\"selected\"]"},"getters":{},"_id":{"_bsontype":"ObjectID","id":{"0":91,"1":13,"2":68,"3":38,"4":225,"5":7,"6":120,"7":92,"8":172,"9":132,"10":169,"11":209}},"wasPopulated":false,"activePaths":{"paths":{"_id":"init","id":"init","name":"init","branch":"init","gender":"init","__v":"init"},"states":{"ignore":{},"default":{},"init":{"_id":true,"id":true,"name":true,"branch":true,"gender":true,"__v":true},"modify":{},"require":{}},"stateNames":{"$ref":"$[0][\"$__\"][\"activePaths\"][\"stateNames\"]"}},"pathsToScopes":{},"emitter":{"domain":null,"_events":{},"_eventsCount":0,"_maxListeners":0},"$options":true},"isNew":false,"_doc":{"_id":{"$ref":"$[1][\"$__\"][\"_id\"]"},"id":"6","name":"asd","branch":"String","gender":"String","__v":0},"$init":true}]
{"level":"info","message":"Fetched All Users","timestamp":"2018-05-29T12:14:50.165Z"}
{"level":"warn","message":"Hello distributed log files!","timestamp":"2018-05-29T12:15:54.598Z"}
{"level":"info","message":"get users model","timestamp":"2018-05-29T12:15:54.598Z"}
[{"$__":{"strictMode":true,"selected":{},"getters":{},"_id":{"_bsontype":"ObjectID","id":{"0":91,"1":13,"2":67,"3":234,"4":225,"5":7,"6":120,"7":92,"8":172,"9":132,"10":169,"11":208}},"wasPopulated":false,"activePaths":{"paths":{"_id":"init","__v":"init"},"states":{"ignore":{},"default":{},"init":{"_id":true,"__v":true},"modify":{},"require":{}},"stateNames":["require","modify","init","default","ignore"]},"pathsToScopes":{},"emitter":{"domain":null,"_events":{},"_eventsCount":0,"_maxListeners":0},"$options":true},"isNew":false,"_doc":{"_id":{"$ref":"$[0][\"$__\"][\"_id\"]"},"__v":0},"$init":true},{"$__":{"strictMode":true,"selected":{"$ref":"$[0][\"$__\"][\"selected\"]"},"getters":{},"_id":{"_bsontype":"ObjectID","id":{"0":91,"1":13,"2":68,"3":38,"4":225,"5":7,"6":120,"7":92,"8":172,"9":132,"10":169,"11":209}},"wasPopulated":false,"activePaths":{"paths":{"_id":"init","id":"init","name":"init","branch":"init","gender":"init","__v":"init"},"states":{"ignore":{},"default":{},"init":{"_id":true,"id":true,"name":true,"branch":true,"gender":true,"__v":true},"modify":{},"require":{}},"stateNames":{"$ref":"$[0][\"$__\"][\"activePaths\"][\"stateNames\"]"}},"pathsToScopes":{},"emitter":{"domain":null,"_events":{},"_eventsCount":0,"_maxListeners":0},"$options":true},"isNew":false,"_doc":{"_id":{"$ref":"$[1][\"$__\"][\"_id\"]"},"id":"6","name":"asd","branch":"String","gender":"String","__v":0},"$init":true}]
{"level":"info","message":"Fetched All Users","timestamp":"2018-05-29T12:15:54.604Z"}
{"level":"warn","message":"Hello distributed log files!","timestamp":"2018-05-29T12:16:23.662Z"}
{"level":"info","message":"get users model","timestamp":"2018-05-29T12:16:23.662Z"}
[{"$__":{"strictMode":true,"selected":{},"getters":{},"_id":{"_bsontype":"ObjectID","id":{"0":91,"1":13,"2":67,"3":234,"4":225,"5":7,"6":120,"7":92,"8":172,"9":132,"10":169,"11":208}},"wasPopulated":false,"activePaths":{"paths":{"_id":"init","__v":"init"},"states":{"ignore":{},"default":{},"init":{"_id":true,"__v":true},"modify":{},"require":{}},"stateNames":["require","modify","init","default","ignore"]},"pathsToScopes":{},"emitter":{"domain":null,"_events":{},"_eventsCount":0,"_maxListeners":0},"$options":true},"isNew":false,"_doc":{"_id":{"$ref":"$[0][\"$__\"][\"_id\"]"},"__v":0},"$init":true},{"$__":{"strictMode":true,"selected":{"$ref":"$[0][\"$__\"][\"selected\"]"},"getters":{},"_id":{"_bsontype":"ObjectID","id":{"0":91,"1":13,"2":68,"3":38,"4":225,"5":7,"6":120,"7":92,"8":172,"9":132,"10":169,"11":209}},"wasPopulated":false,"activePaths":{"paths":{"_id":"init","id":"init","name":"init","branch":"init","gender":"init","__v":"init"},"states":{"ignore":{},"default":{},"init":{"_id":true,"id":true,"name":true,"branch":true,"gender":true,"__v":true},"modify":{},"require":{}},"stateNames":{"$ref":"$[0][\"$__\"][\"activePaths\"][\"stateNames\"]"}},"pathsToScopes":{},"emitter":{"domain":null,"_events":{},"_eventsCount":0,"_maxListeners":0},"$options":true},"isNew":false,"_doc":{"_id":{"$ref":"$[1][\"$__\"][\"_id\"]"},"id":"6","name":"asd","branch":"String","gender":"String","__v":0},"$init":true}]
{"level":"info","message":"Fetched All Users","timestamp":"2018-05-29T12:16:23.669Z"}
{"level":"warn","message":"Hello distributed log files!","timestamp":"2018-05-29T12:17:54.807Z"}
{"level":"info","message":"User added successfully","timestamp":"2018-05-29T12:17:54.810Z"}
{"level":"warn","message":"Hello distributed log files!","timestamp":"2018-05-29T12:18:13.758Z"}
{"level":"info","message":"get users model","timestamp":"2018-05-29T12:18:13.758Z"}
[{"$__":{"strictMode":true,"selected":{},"getters":{},"_id":{"_bsontype":"ObjectID","id":{"0":91,"1":13,"2":67,"3":234,"4":225,"5":7,"6":120,"7":92,"8":172,"9":132,"10":169,"11":208}},"wasPopulated":false,"activePaths":{"paths":{"_id":"init","__v":"init"},"states":{"ignore":{},"default":{},"init":{"_id":true,"__v":true},"modify":{},"require":{}},"stateNames":["require","modify","init","default","ignore"]},"pathsToScopes":{},"emitter":{"domain":null,"_events":{},"_eventsCount":0,"_maxListeners":0},"$options":true},"isNew":false,"_doc":{"_id":{"$ref":"$[0][\"$__\"][\"_id\"]"},"__v":0},"$init":true},{"$__":{"strictMode":true,"selected":{"$ref":"$[0][\"$__\"][\"selected\"]"},"getters":{},"_id":{"_bsontype":"ObjectID","id":{"0":91,"1":13,"2":68,"3":38,"4":225,"5":7,"6":120,"7":92,"8":172,"9":132,"10":169,"11":209}},"wasPopulated":false,"activePaths":{"paths":{"_id":"init","id":"init","name":"init","branch":"init","gender":"init","__v":"init"},"states":{"ignore":{},"default":{},"init":{"_id":true,"id":true,"name":true,"branch":true,"gender":true,"__v":true},"modify":{},"require":{}},"stateNames":{"$ref":"$[0][\"$__\"][\"activePaths\"][\"stateNames\"]"}},"pathsToScopes":{},"emitter":{"domain":null,"_events":{},"_eventsCount":0,"_maxListeners":0},"$options":true},"isNew":false,"_doc":{"_id":{"$ref":"$[1][\"$__\"][\"_id\"]"},"id":"6","name":"asd","branch":"String","gender":"String","__v":0},"$init":true},{"$__":{"strictMode":true,"selected":{"$ref":"$[0][\"$__\"][\"selected\"]"},"getters":{},"_id":{"_bsontype":"ObjectID","id":{"0":91,"1":13,"2":68,"3":242,"4":225,"5":7,"6":120,"7":92,"8":172,"9":132,"10":169,"11":210}},"wasPopulated":false,"activePaths":{"paths":{"_id":"init","id":"init","name":"init","branch":"init","gender":"init","__v":"init"},"states":{"ignore":{},"default":{},"init":{"_id":true,"id":true,"name":true,"branch":true,"gender":true,"__v":true},"modify":{},"require":{}},"stateNames":{"$ref":"$[0][\"$__\"][\"activePaths\"][\"stateNames\"]"}},"pathsToScopes":{},"emitter":{"domain":null,"_events":{},"_eventsCount":0,"_maxListeners":0},"$options":true},"isNew":false,"_doc":{"_id":{"$ref":"$[2][\"$__\"][\"_id\"]"},"id":"7","name":"abc","branch":"String","gender":"String","__v":0},"$init":true}]
{"level":"info","message":"Fetched All Users","timestamp":"2018-05-29T12:18:13.766Z"}
